This file contains any messages produced by compilers while
running configure, to aid debugging if configure makes a mistake.

It was created by configure, which was
generated by GNU Autoconf 2.67.  Invocation command line was

  $ ./configure 

## --------- ##
## Platform. ##
## --------- ##

hostname = tester1
uname -m = i686
uname -r = 2.6.32-5-686-bigmem
uname -s = Linux
uname -v = #1 SMP Mon Mar 26 06:12:49 UTC 2012

/usr/bin/uname -p = unknown
/bin/uname -X     = unknown

/bin/arch              = unknown
/usr/bin/arch -k       = unknown
/usr/convex/getsysinfo = unknown
/usr/bin/hostinfo      = unknown
/bin/machine           = unknown
/usr/bin/oslevel       = unknown
/bin/universe          = unknown

PATH: /home/yhkim/research/daikon/bin
PATH: /home/yhkim/research/daikon/plume-lib/bin
PATH: /usr/lib/jvm/java-6-sun/bin
PATH: /home/yhkim/research/klee/klee/Release+Asserts/bin/
PATH: /home/yhkim/bin
PATH: /usr/local/bin/
PATH: /usr/local/bin
PATH: /usr/bin
PATH: /bin
PATH: /usr/local/games
PATH: /usr/games


## ----------- ##
## Core tests. ##
## ----------- ##

configure:2225: checking for gcc
configure:2241: found /usr/bin/gcc
configure:2252: result: gcc
configure:2481: checking for C compiler version
configure:2490: gcc --version >&5
gcc (Debian 4.4.5-8) 4.4.5
Copyright (C) 2010 Free Software Foundation, Inc.
This is free software; see the source for copying conditions.  There is NO
warranty; not even for MERCHANTABILITY or FITNESS FOR A PARTICULAR PURPOSE.

configure:2501: $? = 0
configure:2490: gcc -v >&5
Using built-in specs.
Target: i486-linux-gnu
Configured with: ../src/configure -v --with-pkgversion='Debian 4.4.5-8' --with-bugurl=file:///usr/share/doc/gcc-4.4/README.Bugs --enable-languages=c,c++,fortran,objc,obj-c++ --prefix=/usr --program-suffix=-4.4 --enable-shared --enable-multiarch --enable-linker-build-id --with-system-zlib --libexecdir=/usr/lib --without-included-gettext --enable-threads=posix --with-gxx-include-dir=/usr/include/c++/4.4 --libdir=/usr/lib --enable-nls --enable-clocale=gnu --enable-libstdcxx-debug --enable-objc-gc --enable-targets=all --with-arch-32=i586 --with-tune=generic --enable-checking=release --build=i486-linux-gnu --host=i486-linux-gnu --target=i486-linux-gnu
Thread model: posix
gcc version 4.4.5 (Debian 4.4.5-8) 
configure:2501: $? = 0
configure:2490: gcc -V >&5
gcc: '-V' option must have argument
configure:2501: $? = 1
configure:2490: gcc -qversion >&5
gcc: unrecognized option '-qversion'
gcc: no input files
configure:2501: $? = 1
configure:2521: checking whether the C compiler works
configure:2543: gcc    conftest.c  >&5
configure:2547: $? = 0
configure:2595: result: yes
configure:2598: checking for C compiler default output file name
configure:2600: result: a.out
configure:2606: checking for suffix of executables
configure:2613: gcc -o conftest    conftest.c  >&5
configure:2617: $? = 0
configure:2639: result: 
configure:2661: checking whether we are cross compiling
configure:2669: gcc -o conftest    conftest.c  >&5
configure:2673: $? = 0
configure:2680: ./conftest
configure:2684: $? = 0
configure:2699: result: no
configure:2704: checking for suffix of object files
configure:2726: gcc -c   conftest.c >&5
configure:2730: $? = 0
configure:2751: result: o
configure:2755: checking whether we are using the GNU C compiler
configure:2774: gcc -c   conftest.c >&5
configure:2774: $? = 0
configure:2783: result: yes
configure:2792: checking whether gcc accepts -g
configure:2812: gcc -c -g  conftest.c >&5
configure:2812: $? = 0
configure:2853: result: yes
configure:2870: checking for gcc option to accept ISO C89
configure:2934: gcc  -c -g -O2  conftest.c >&5
configure:2934: $? = 0
configure:2947: result: none needed
configure:3011: checking for a BSD-compatible install
configure:3079: result: /usr/local/bin//install -c
configure:3098: checking build system type
configure:3112: result: i686-pc-linux-gnu
configure:3132: checking host system type
configure:3145: result: i686-pc-linux-gnu
configure:3165: checking target system type
configure:3178: result: i686-pc-linux-gnu
configure:3240: checking for msvc cl.exe (optional)
configure:3255: result: not found
configure:3279: checking ocaml version is at least 3.08
configure:3296: result: version is 3.11.2, ok
configure:3320: checking existence of related ocaml tools
configure:3326: result: ok
configure:3349: checking for Perl
configure:3397: result: found version 5.010001, port linux
configure:3466: checking if performance counters are usable
configure:3474: result: ok (4560.000 cycles per us)
configure:3502: checking for gcc version
configure:3510: checking how to run the C preprocessor
configure:3541: gcc -E  conftest.c
configure:3541: $? = 0
configure:3555: gcc -E  conftest.c
conftest.c:9:28: error: ac_nonexistent.h: No such file or directory
configure:3555: $? = 1
configure: failed program was:
| /* confdefs.h */
| #define PACKAGE_NAME ""
| #define PACKAGE_TARNAME ""
| #define PACKAGE_VERSION ""
| #define PACKAGE_STRING ""
| #define PACKAGE_BUGREPORT ""
| #define PACKAGE_URL ""
| /* end confdefs.h.  */
| #include <ac_nonexistent.h>
configure:3580: result: gcc -E
configure:3600: gcc -E  conftest.c
configure:3600: $? = 0
configure:3614: gcc -E  conftest.c
conftest.c:9:28: error: ac_nonexistent.h: No such file or directory
configure:3614: $? = 1
configure: failed program was:
| /* confdefs.h */
| #define PACKAGE_NAME ""
| #define PACKAGE_TARNAME ""
| #define PACKAGE_VERSION ""
| #define PACKAGE_STRING ""
| #define PACKAGE_BUGREPORT ""
| #define PACKAGE_URL ""
| /* end confdefs.h.  */
| #include <ac_nonexistent.h>
configure:3643: checking for grep that handles long lines and -e
configure:3701: result: /usr/local/bin//grep
configure:3706: checking for egrep
configure:3768: result: /usr/local/bin//grep -E
configure:3773: checking for ANSI C header files
configure:3793: gcc -c -g -O2  conftest.c >&5
configure:3793: $? = 0
configure:3866: gcc -o conftest -g -O2   conftest.c  >&5
configure:3866: $? = 0
configure:3866: ./conftest
configure:3866: $? = 0
configure:3877: result: yes
configure:3890: checking for sys/types.h
configure:3890: gcc -c -g -O2  conftest.c >&5
configure:3890: $? = 0
configure:3890: result: yes
configure:3890: checking for sys/stat.h
configure:3890: gcc -c -g -O2  conftest.c >&5
configure:3890: $? = 0
configure:3890: result: yes
configure:3890: checking for stdlib.h
configure:3890: gcc -c -g -O2  conftest.c >&5
configure:3890: $? = 0
configure:3890: result: yes
configure:3890: checking for string.h
configure:3890: gcc -c -g -O2  conftest.c >&5
configure:3890: $? = 0
configure:3890: result: yes
configure:3890: checking for memory.h
configure:3890: gcc -c -g -O2  conftest.c >&5
configure:3890: $? = 0
configure:3890: result: yes
configure:3890: checking for strings.h
configure:3890: gcc -c -g -O2  conftest.c >&5
configure:3890: $? = 0
configure:3890: result: yes
configure:3890: checking for inttypes.h
configure:3890: gcc -c -g -O2  conftest.c >&5
configure:3890: $? = 0
configure:3890: result: yes
configure:3890: checking for stdint.h
configure:3890: gcc -c -g -O2  conftest.c >&5
configure:3890: $? = 0
configure:3890: result: yes
configure:3890: checking for unistd.h
configure:3890: gcc -c -g -O2  conftest.c >&5
configure:3890: $? = 0
configure:3890: result: yes
configure:3902: checking for __builtin_va_list
configure:3902: gcc -c -g -O2  conftest.c >&5
configure:3902: $? = 0
configure:3902: gcc -c -g -O2  conftest.c >&5
conftest.c: In function 'main':
conftest.c:55: error: expected expression before ')' token
configure:3902: $? = 1
configure: failed program was:
| /* confdefs.h */
| #define PACKAGE_NAME ""
| #define PACKAGE_TARNAME ""
| #define PACKAGE_VERSION ""
| #define PACKAGE_STRING ""
| #define PACKAGE_BUGREPORT ""
| #define PACKAGE_URL ""
| #define STDC_HEADERS 1
| #define HAVE_SYS_TYPES_H 1
| #define HAVE_SYS_STAT_H 1
| #define HAVE_STDLIB_H 1
| #define HAVE_STRING_H 1
| #define HAVE_MEMORY_H 1
| #define HAVE_STRINGS_H 1
| #define HAVE_INTTYPES_H 1
| #define HAVE_STDINT_H 1
| #define HAVE_UNISTD_H 1
| /* end confdefs.h.  */
| #include <stdio.h>
| #ifdef HAVE_SYS_TYPES_H
| # include <sys/types.h>
| #endif
| #ifdef HAVE_SYS_STAT_H
| # include <sys/stat.h>
| #endif
| #ifdef STDC_HEADERS
| # include <stdlib.h>
| # include <stddef.h>
| #else
| # ifdef HAVE_STDLIB_H
| #  include <stdlib.h>
| # endif
| #endif
| #ifdef HAVE_STRING_H
| # if !defined STDC_HEADERS && defined HAVE_MEMORY_H
| #  include <memory.h>
| # endif
| # include <string.h>
| #endif
| #ifdef HAVE_STRINGS_H
| # include <strings.h>
| #endif
| #ifdef HAVE_INTTYPES_H
| # include <inttypes.h>
| #endif
| #ifdef HAVE_STDINT_H
| # include <stdint.h>
| #endif
| #ifdef HAVE_UNISTD_H
| # include <unistd.h>
| #endif
| int
| main ()
| {
| if (sizeof ((__builtin_va_list)))
| 	    return 0;
|   ;
|   return 0;
| }
configure:3902: result: yes
configure:3909: checking if __thread is a keyword
configure:3915: gcc -c -g -O2  conftest.c >&5
conftest.c:19: error: storage class specified for parameter 'type name'
conftest.c: In function 'main':
conftest.c:19: error: parameter name omitted
configure:3915: $? = 1
configure: failed program was:
| /* confdefs.h */
| #define PACKAGE_NAME ""
| #define PACKAGE_TARNAME ""
| #define PACKAGE_VERSION ""
| #define PACKAGE_STRING ""
| #define PACKAGE_BUGREPORT ""
| #define PACKAGE_URL ""
| #define STDC_HEADERS 1
| #define HAVE_SYS_TYPES_H 1
| #define HAVE_SYS_STAT_H 1
| #define HAVE_STDLIB_H 1
| #define HAVE_STRING_H 1
| #define HAVE_MEMORY_H 1
| #define HAVE_STRINGS_H 1
| #define HAVE_INTTYPES_H 1
| #define HAVE_STDINT_H 1
| #define HAVE_UNISTD_H 1
| /* end confdefs.h.  */
| int main(int __thread) { return 0; }
configure:3921: result: true
configure:3926: checking if gcc adds underscores to assembly labels.
configure:3932: gcc -o conftest -g -O2   conftest.c  >&5
/tmp/ccaiTY6M.o: In function `main':
/home/yhkim/research/SCORE-0.1.1/cil/conftest.c:19: undefined reference to `_main'
collect2: ld returned 1 exit status
configure:3932: $? = 1
configure: failed program was:
| /* confdefs.h */
| #define PACKAGE_NAME ""
| #define PACKAGE_TARNAME ""
| #define PACKAGE_VERSION ""
| #define PACKAGE_STRING ""
| #define PACKAGE_BUGREPORT ""
| #define PACKAGE_URL ""
| #define STDC_HEADERS 1
| #define HAVE_SYS_TYPES_H 1
| #define HAVE_SYS_STAT_H 1
| #define HAVE_STDLIB_H 1
| #define HAVE_STRING_H 1
| #define HAVE_MEMORY_H 1
| #define HAVE_STRINGS_H 1
| #define HAVE_INTTYPES_H 1
| #define HAVE_STDINT_H 1
| #define HAVE_UNISTD_H 1
| /* end confdefs.h.  */
| int main() { __asm__("jmp _main"); }
configure:3939: result: false
configure:3947: checking for ANSI C header files
configure:4051: result: yes
configure:4062: checking for stdlib.h
configure:4062: result: yes
configure:4062: checking for strings.h
configure:4062: result: yes
configure:4062: checking sys/time.h usability
configure:4062: gcc -c -g -O2  conftest.c >&5
configure:4062: $? = 0
configure:4062: result: yes
configure:4062: checking sys/time.h presence
configure:4062: gcc -E  conftest.c
configure:4062: $? = 0
configure:4062: result: yes
configure:4062: checking for sys/time.h
configure:4062: result: yes
configure:4062: checking for unistd.h
configure:4062: result: yes
configure:4062: checking wchar.h usability
configure:4062: gcc -c -g -O2  conftest.c >&5
configure:4062: $? = 0
configure:4062: result: yes
configure:4062: checking wchar.h presence
configure:4062: gcc -E  conftest.c
configure:4062: $? = 0
configure:4062: result: yes
configure:4062: checking for wchar.h
configure:4062: result: yes
configure:4062: checking stdbool.h usability
configure:4062: gcc -c -g -O2  conftest.c >&5
configure:4062: $? = 0
configure:4062: result: yes
configure:4062: checking stdbool.h presence
configure:4062: gcc -E  conftest.c
configure:4062: $? = 0
configure:4062: result: yes
configure:4062: checking for stdbool.h
configure:4062: result: yes
configure:4074: checking for an ANSI C-conforming const
configure:4139: gcc -c -g -O2  conftest.c >&5
configure:4139: $? = 0
configure:4146: result: yes
configure:4154: checking for inline
configure:4170: gcc -c -g -O2  conftest.c >&5
configure:4170: $? = 0
configure:4178: result: inline
configure:4196: checking whether time.h and sys/time.h may both be included
configure:4216: gcc -c -g -O2  conftest.c >&5
configure:4216: $? = 0
configure:4223: result: yes
configure:4233: checking for working memcmp
configure:4276: gcc -o conftest -g -O2   conftest.c  >&5
configure:4276: $? = 0
configure:4276: ./conftest
configure:4276: $? = 0
configure:4286: result: yes
configure:4298: checking for mkdir
configure:4298: gcc -o conftest -g -O2   conftest.c  >&5
configure:4298: $? = 0
configure:4298: result: yes
configure:4298: checking for select
configure:4298: gcc -o conftest -g -O2   conftest.c  >&5
configure:4298: $? = 0
configure:4298: result: yes
configure:4298: checking for socket
configure:4298: gcc -o conftest -g -O2   conftest.c  >&5
configure:4298: $? = 0
configure:4298: result: yes
configure:4298: checking for __sysv_signal
configure:4298: gcc -o conftest -g -O2   conftest.c  >&5
configure:4298: $? = 0
configure:4298: result: yes
configure:4310: checking for real definition of size_t
configure:4327: gcc -c -g -O2  conftest.c >&5
conftest.c:38: error: conflicting types for 'foo'
conftest.c:37: note: previous declaration of 'foo' was here
configure:4327: $? = 1
configure: failed program was:
| /* confdefs.h */
| #define PACKAGE_NAME ""
| #define PACKAGE_TARNAME ""
| #define PACKAGE_VERSION ""
| #define PACKAGE_STRING ""
| #define PACKAGE_BUGREPORT ""
| #define PACKAGE_URL ""
| #define STDC_HEADERS 1
| #define HAVE_SYS_TYPES_H 1
| #define HAVE_SYS_STAT_H 1
| #define HAVE_STDLIB_H 1
| #define HAVE_STRING_H 1
| #define HAVE_MEMORY_H 1
| #define HAVE_STRINGS_H 1
| #define HAVE_INTTYPES_H 1
| #define HAVE_STDINT_H 1
| #define HAVE_UNISTD_H 1
| #define STDC_HEADERS 1
| #define HAVE_STDLIB_H 1
| #define HAVE_STRINGS_H 1
| #define HAVE_SYS_TIME_H 1
| #define HAVE_UNISTD_H 1
| #define HAVE_WCHAR_H 1
| #define HAVE_STDBOOL_H 1
| #define TIME_WITH_SYS_TIME 1
| #define HAVE_MKDIR 1
| #define HAVE_SELECT 1
| #define HAVE_SOCKET 1
| #define HAVE___SYSV_SIGNAL 1
| /* end confdefs.h.  */
| 
| #include <stddef.h>
| #include <wchar.h>
| /* We define a prototype with one type and the function with
|    another type.  This will result in compilation error
|    unless the types are really identical. */
| int foo(int x);
| size_t foo(size_t x) { return x; }
configure:4346: gcc -c -g -O2  conftest.c >&5
configure:4346: $? = 0
configure:4480: result: unsigned int
configure:4484: checking for real definition of wchar_t
configure:4501: gcc -c -g -O2  conftest.c >&5
configure:4501: $? = 0
configure:4654: result: int
configure:4664: result: configuring for linux/x86
configure:4756: checking for obj/x86_LINUX
configure:4770: result: yes
configure:4781: checking delete the obj/x86_LINUX/feature_config.ml and obj/x86_LINUX/machdep.ml file
configure:4787: result: done
configure:4838: checking whether to use CIL feature blockinggraph
configure:4845: result: no
configure:4838: checking whether to use CIL feature zrapp
configure:4845: result: no
configure:4838: checking whether to use CIL feature llvm
configure:4845: result: no
configure:5103: creating ./config.status

## ---------------------- ##
## Running config.status. ##
## ---------------------- ##

This file was extended by config.status, which was
generated by GNU Autoconf 2.67.  Invocation command line was

  CONFIG_FILES    = 
  CONFIG_HEADERS  = 
  CONFIG_LINKS    = 
  CONFIG_COMMANDS = 
  $ ./config.status 

on tester1

config.status:865: creating Makefile
config.status:865: creating META
config.status:865: creating cil.spec
config.status:865: creating config.mk
config.status:865: creating bin/cilly.bat
config.status:865: creating bin/patcher.bat
config.status:865: creating bin/CilConfig.pm
config.status:865: creating doc/index.html
config.status:865: creating doc/header.html
config.status:865: creating ocamlutil/perfcount.c
config.status:865: creating test/llvm/Makefile
config.status:865: creating src/machdep-ml.c
config.status:865: creating config.h
config.status:1039: config.h is unchanged

## ---------------- ##
## Cache variables. ##
## ---------------- ##

ac_cv_build=i686-pc-linux-gnu
ac_cv_c_compiler_gnu=yes
ac_cv_c_const=yes
ac_cv_c_inline=inline
ac_cv_env_CC_set=
ac_cv_env_CC_value=
ac_cv_env_CFLAGS_set=
ac_cv_env_CFLAGS_value=
ac_cv_env_CPPFLAGS_set=
ac_cv_env_CPPFLAGS_value=
ac_cv_env_CPP_set=
ac_cv_env_CPP_value=
ac_cv_env_LDFLAGS_set=
ac_cv_env_LDFLAGS_value=
ac_cv_env_LIBS_set=
ac_cv_env_LIBS_value=
ac_cv_env_build_alias_set=
ac_cv_env_build_alias_value=
ac_cv_env_host_alias_set=
ac_cv_env_host_alias_value=
ac_cv_env_target_alias_set=
ac_cv_env_target_alias_value=
ac_cv_file_obj_x86_LINUX=yes
ac_cv_func___sysv_signal=yes
ac_cv_func_memcmp_working=yes
ac_cv_func_mkdir=yes
ac_cv_func_select=yes
ac_cv_func_socket=yes
ac_cv_header_inttypes_h=yes
ac_cv_header_memory_h=yes
ac_cv_header_stdbool_h=yes
ac_cv_header_stdc=yes
ac_cv_header_stdint_h=yes
ac_cv_header_stdlib_h=yes
ac_cv_header_string_h=yes
ac_cv_header_strings_h=yes
ac_cv_header_sys_stat_h=yes
ac_cv_header_sys_time_h=yes
ac_cv_header_sys_types_h=yes
ac_cv_header_time=yes
ac_cv_header_unistd_h=yes
ac_cv_header_wchar_h=yes
ac_cv_host=i686-pc-linux-gnu
ac_cv_objext=o
ac_cv_path_EGREP='/usr/local/bin//grep -E'
ac_cv_path_GREP=/usr/local/bin//grep
ac_cv_path_install='/usr/local/bin//install -c'
ac_cv_prog_CPP='gcc -E'
ac_cv_prog_ac_ct_CC=gcc
ac_cv_prog_cc_c89=
ac_cv_prog_cc_g=yes
ac_cv_target=i686-pc-linux-gnu
ac_cv_type___builtin_va_list=yes

## ----------------- ##
## Output variables. ##
## ----------------- ##

ARCHOS='x86_LINUX'
CC='gcc'
CFLAGS='-g -O2'
CILHOME='/home/yhkim/research/SCORE-0.1.1/cil'
CIL_VERSION='1.3.7'
CIL_VERSION_MAJOR='1'
CIL_VERSION_MINOR='3'
CIL_VERSION_REV='7'
CPP='gcc -E'
CPPFLAGS=''
CYCLES_PER_USEC='4560.000'
DEFAULT_CIL_MODE='GNUCC'
DEFAULT_COMPILER='_GNUCC'
DEFS='-DHAVE_CONFIG_H'
ECHO_C=''
ECHO_N='-n'
ECHO_T=''
EGREP='/usr/local/bin//grep -E'
EXEEXT=''
EXTRAFEATURES=''
EXTRASRCDIRS=''
GREP='/usr/local/bin//grep'
HAS_MSVC='no'
HAS_PERFCOUNT='1'
HAVE_BUILTIN_VA_LIST='true'
INSTALL_DATA='${INSTALL} -m 644'
INSTALL_PROGRAM='${INSTALL}'
INSTALL_SCRIPT='${INSTALL}'
LDFLAGS=''
LIBOBJS=''
LIBS=''
LTLIBOBJS=''
MINGW=''
OBJEXT='o'
PACKAGE_BUGREPORT=''
PACKAGE_NAME=''
PACKAGE_STRING=''
PACKAGE_TARNAME=''
PACKAGE_URL=''
PACKAGE_VERSION=''
PATH_SEPARATOR=':'
SHELL='/bin/sh'
THREAD_IS_KEYWORD='true'
UNDERSCORE_NAME='false'
ac_ct_CC='gcc'
bindir='${exec_prefix}/bin'
build='i686-pc-linux-gnu'
build_alias=''
build_cpu='i686'
build_os='linux-gnu'
build_vendor='pc'
datadir='${datarootdir}'
datarootdir='${prefix}/share'
docdir='${datarootdir}/doc/${PACKAGE}'
dvidir='${docdir}'
exec_prefix='${prefix}'
host='i686-pc-linux-gnu'
host_alias=''
host_cpu='i686'
host_os='linux-gnu'
host_vendor='pc'
htmldir='${docdir}'
includedir='${prefix}/include'
infodir='${datarootdir}/info'
libdir='${exec_prefix}/lib'
libexecdir='${exec_prefix}/libexec'
localedir='${datarootdir}/locale'
localstatedir='${prefix}/var'
mandir='${datarootdir}/man'
oldincludedir='/usr/include'
pdfdir='${docdir}'
prefix='/usr/local'
program_transform_name='s,x,x,'
psdir='${docdir}'
sbindir='${exec_prefix}/sbin'
sharedstatedir='${prefix}/com'
sysconfdir='${prefix}/etc'
target='i686-pc-linux-gnu'
target_alias=''
target_cpu='i686'
target_os='linux-gnu'
target_vendor='pc'

## ----------- ##
## confdefs.h. ##
## ----------- ##

/* confdefs.h */
#define PACKAGE_NAME ""
#define PACKAGE_TARNAME ""
#define PACKAGE_VERSION ""
#define PACKAGE_STRING ""
#define PACKAGE_BUGREPORT ""
#define PACKAGE_URL ""
#define STDC_HEADERS 1
#define HAVE_SYS_TYPES_H 1
#define HAVE_SYS_STAT_H 1
#define HAVE_STDLIB_H 1
#define HAVE_STRING_H 1
#define HAVE_MEMORY_H 1
#define HAVE_STRINGS_H 1
#define HAVE_INTTYPES_H 1
#define HAVE_STDINT_H 1
#define HAVE_UNISTD_H 1
#define STDC_HEADERS 1
#define HAVE_STDLIB_H 1
#define HAVE_STRINGS_H 1
#define HAVE_SYS_TIME_H 1
#define HAVE_UNISTD_H 1
#define HAVE_WCHAR_H 1
#define HAVE_STDBOOL_H 1
#define TIME_WITH_SYS_TIME 1
#define HAVE_MKDIR 1
#define HAVE_SELECT 1
#define HAVE_SOCKET 1
#define HAVE___SYSV_SIGNAL 1
#define TYPE_SIZE_T "unsigned int"
#define TYPE_WCHAR_T "int"

configure: exit 0

## ---------------------- ##
## Running config.status. ##
## ---------------------- ##

This file was extended by config.status, which was
generated by GNU Autoconf 2.67.  Invocation command line was

  CONFIG_FILES    = 
  CONFIG_HEADERS  = 
  CONFIG_LINKS    = 
  CONFIG_COMMANDS = 
  $ ./config.status --file=obj/x86_LINUX/cilversion.ml:src/cilversion.ml.in

on tester1

config.status:865: creating obj/x86_LINUX/cilversion.ml

## ---------------------- ##
## Running config.status. ##
## ---------------------- ##

This file was extended by config.status, which was
generated by GNU Autoconf 2.67.  Invocation command line was

  CONFIG_FILES    = 
  CONFIG_HEADERS  = 
  CONFIG_LINKS    = 
  CONFIG_COMMANDS = 
  $ ./config.status --file=obj/x86_LINUX/cilversion.ml:src/cilversion.ml.in

on tester1

config.status:865: creating obj/x86_LINUX/cilversion.ml

## ---------------------- ##
## Running config.status. ##
## ---------------------- ##

This file was extended by config.status, which was
generated by GNU Autoconf 2.67.  Invocation command line was

  CONFIG_FILES    = 
  CONFIG_HEADERS  = 
  CONFIG_LINKS    = 
  CONFIG_COMMANDS = 
  $ ./config.status --file=obj/x86_LINUX/cilversion.ml:src/cilversion.ml.in

on tester1

config.status:865: creating obj/x86_LINUX/cilversion.ml
